<?xml version="1.0" encoding="UTF-8"?>
<!-- Generated by org.testng.reporters.JUnitXMLReporter -->
<testsuite hostname="LAPTOP-PP7LTPN0" ignored="0" name="Test" tests="3" failures="0" timestamp="19 Jan 2019 18:31:32 GMT" time="108.437" errors="0">
  <testcase name="validateLogin" time="3.518" classname="com.demoaut.newtours.TestScripts.InvalidCredentialsTest"/>
  <testcase name="ticketBookingTest" time="33.195" classname="com.demoaut.newtours.TestScripts.BookTicketTest"/>
  <testcase name="validateLogin" time="12.985" classname="com.demoaut.newtours.TestScripts.ValidateLogin"/>
</testsuite> <!-- Test -->
