<?xml version="1.0" encoding="UTF-8"?>
<!-- Generated by org.testng.reporters.JUnitXMLReporter -->
<testsuite ignored="0" hostname="LAPTOP-PP7LTPN0" failures="0" tests="3" name="Test" time="97.632" errors="0" timestamp="17 Dec 2018 06:18:21 GMT">
  <testcase classname="com.demoaut.newtours.TestScripts.InvalidCredentialsTest" name="validateLogin" time="2.752"/>
  <testcase classname="com.demoaut.newtours.TestScripts.BookTicketTest" name="ticketBookingTest" time="46.097"/>
  <testcase classname="com.demoaut.newtours.TestScripts.ValidateLogin" name="validateLogin" time="20.471"/>
</testsuite> <!-- Test -->
