<?xml version="1.0" encoding="UTF-8"?>
<testng-results skipped="0" failed="0" ignored="0" total="3" passed="3">
  <reporter-output>
  </reporter-output>
  <suite name="Suite" duration-ms="108437" started-at="2019-01-19T18:29:43Z" finished-at="2019-01-19T18:31:32Z">
    <groups>
    </groups>
    <test name="Test" duration-ms="108437" started-at="2019-01-19T18:29:43Z" finished-at="2019-01-19T18:31:32Z">
      <class name="com.demoaut.newtours.TestScripts.ValidateLogin">
        <test-method status="PASS" signature="openBrowser()[pri:0, instance:com.demoaut.newtours.TestScripts.ValidateLogin@2fc14f68]" name="openBrowser" is-config="true" duration-ms="15097" started-at="2019-01-19T18:31:04Z" finished-at="2019-01-19T18:31:19Z">
          <reporter-output>
          </reporter-output>
        </test-method> <!-- openBrowser -->
        <test-method status="PASS" signature="validateLogin()[pri:0, instance:com.demoaut.newtours.TestScripts.ValidateLogin@2fc14f68]" name="validateLogin" duration-ms="12985" started-at="2019-01-19T18:31:19Z" finished-at="2019-01-19T18:31:32Z">
          <reporter-output>
          </reporter-output>
        </test-method> <!-- validateLogin -->
        <test-method status="PASS" signature="closeApplication()[pri:0, instance:com.demoaut.newtours.TestScripts.ValidateLogin@2fc14f68]" name="closeApplication" is-config="true" duration-ms="156" started-at="2019-01-19T18:31:32Z" finished-at="2019-01-19T18:31:32Z">
          <reporter-output>
          </reporter-output>
        </test-method> <!-- closeApplication -->
      </class> <!-- com.demoaut.newtours.TestScripts.ValidateLogin -->
      <class name="com.demoaut.newtours.TestScripts.InvalidCredentialsTest">
        <test-method status="PASS" signature="openBrowser()[pri:0, instance:com.demoaut.newtours.TestScripts.InvalidCredentialsTest@5474c6c]" name="openBrowser" is-config="true" duration-ms="29601" started-at="2019-01-19T18:29:44Z" finished-at="2019-01-19T18:30:13Z">
          <reporter-output>
          </reporter-output>
        </test-method> <!-- openBrowser -->
        <test-method status="PASS" signature="validateLogin()[pri:0, instance:com.demoaut.newtours.TestScripts.InvalidCredentialsTest@5474c6c]" name="validateLogin" duration-ms="3518" started-at="2019-01-19T18:30:13Z" finished-at="2019-01-19T18:30:17Z">
          <reporter-output>
          </reporter-output>
        </test-method> <!-- validateLogin -->
        <test-method status="PASS" signature="closeApplication()[pri:0, instance:com.demoaut.newtours.TestScripts.InvalidCredentialsTest@5474c6c]" name="closeApplication" is-config="true" duration-ms="503" started-at="2019-01-19T18:30:17Z" finished-at="2019-01-19T18:30:17Z">
          <reporter-output>
          </reporter-output>
        </test-method> <!-- closeApplication -->
      </class> <!-- com.demoaut.newtours.TestScripts.InvalidCredentialsTest -->
      <class name="com.demoaut.newtours.TestScripts.BookTicketTest">
        <test-method status="PASS" signature="openBrowser()[pri:0, instance:com.demoaut.newtours.TestScripts.BookTicketTest@4b6995df]" name="openBrowser" is-config="true" duration-ms="12855" started-at="2019-01-19T18:30:17Z" finished-at="2019-01-19T18:30:30Z">
          <reporter-output>
          </reporter-output>
        </test-method> <!-- openBrowser -->
        <test-method status="PASS" signature="ticketBookingTest()[pri:0, instance:com.demoaut.newtours.TestScripts.BookTicketTest@4b6995df]" name="ticketBookingTest" duration-ms="33195" started-at="2019-01-19T18:30:30Z" finished-at="2019-01-19T18:31:03Z">
          <reporter-output>
          </reporter-output>
        </test-method> <!-- ticketBookingTest -->
        <test-method status="PASS" signature="closeApplication()[pri:0, instance:com.demoaut.newtours.TestScripts.BookTicketTest@4b6995df]" name="closeApplication" is-config="true" duration-ms="411" started-at="2019-01-19T18:31:03Z" finished-at="2019-01-19T18:31:04Z">
          <reporter-output>
          </reporter-output>
        </test-method> <!-- closeApplication -->
      </class> <!-- com.demoaut.newtours.TestScripts.BookTicketTest -->
    </test> <!-- Test -->
  </suite> <!-- Suite -->
</testng-results>
