<?xml version="1.0" encoding="UTF-8"?>
<testng-results ignored="0" total="3" passed="3" failed="0" skipped="0">
  <reporter-output>
  </reporter-output>
  <suite started-at="2018-12-17T06:16:43Z" name="Suite" finished-at="2018-12-17T06:18:21Z" duration-ms="97632">
    <groups>
    </groups>
    <test started-at="2018-12-17T06:16:43Z" name="Test" finished-at="2018-12-17T06:18:21Z" duration-ms="97632">
      <class name="com.demoaut.newtours.TestScripts.ValidateLogin">
        <test-method is-config="true" signature="openBrowser()[pri:0, instance:com.demoaut.newtours.TestScripts.ValidateLogin@609cd4d8]" started-at="2018-12-17T06:17:53Z" name="openBrowser" finished-at="2018-12-17T06:18:00Z" duration-ms="6954" status="PASS">
          <reporter-output>
          </reporter-output>
        </test-method> <!-- openBrowser -->
        <test-method signature="validateLogin()[pri:0, instance:com.demoaut.newtours.TestScripts.ValidateLogin@609cd4d8]" started-at="2018-12-17T06:18:00Z" name="validateLogin" finished-at="2018-12-17T06:18:20Z" duration-ms="20471" status="PASS">
          <reporter-output>
          </reporter-output>
        </test-method> <!-- validateLogin -->
        <test-method is-config="true" signature="closeApplication()[pri:0, instance:com.demoaut.newtours.TestScripts.ValidateLogin@609cd4d8]" started-at="2018-12-17T06:18:20Z" name="closeApplication" finished-at="2018-12-17T06:18:21Z" duration-ms="293" status="PASS">
          <reporter-output>
          </reporter-output>
        </test-method> <!-- closeApplication -->
      </class> <!-- com.demoaut.newtours.TestScripts.ValidateLogin -->
      <class name="com.demoaut.newtours.TestScripts.BookTicketTest">
        <test-method is-config="true" signature="openBrowser()[pri:0, instance:com.demoaut.newtours.TestScripts.BookTicketTest@bccb269]" started-at="2018-12-17T06:16:59Z" name="openBrowser" finished-at="2018-12-17T06:17:07Z" duration-ms="7552" status="PASS">
          <reporter-output>
          </reporter-output>
        </test-method> <!-- openBrowser -->
        <test-method signature="ticketBookingTest()[pri:0, instance:com.demoaut.newtours.TestScripts.BookTicketTest@bccb269]" started-at="2018-12-17T06:17:07Z" name="ticketBookingTest" finished-at="2018-12-17T06:17:53Z" duration-ms="46097" status="PASS">
          <reporter-output>
          </reporter-output>
        </test-method> <!-- ticketBookingTest -->
        <test-method is-config="true" signature="closeApplication()[pri:0, instance:com.demoaut.newtours.TestScripts.BookTicketTest@bccb269]" started-at="2018-12-17T06:17:53Z" name="closeApplication" finished-at="2018-12-17T06:17:53Z" duration-ms="265" status="PASS">
          <reporter-output>
          </reporter-output>
        </test-method> <!-- closeApplication -->
      </class> <!-- com.demoaut.newtours.TestScripts.BookTicketTest -->
      <class name="com.demoaut.newtours.TestScripts.InvalidCredentialsTest">
        <test-method is-config="true" signature="openBrowser()[pri:0, instance:com.demoaut.newtours.TestScripts.InvalidCredentialsTest@66d18979]" started-at="2018-12-17T06:16:43Z" name="openBrowser" finished-at="2018-12-17T06:16:56Z" duration-ms="12905" status="PASS">
          <reporter-output>
          </reporter-output>
        </test-method> <!-- openBrowser -->
        <test-method signature="validateLogin()[pri:0, instance:com.demoaut.newtours.TestScripts.InvalidCredentialsTest@66d18979]" started-at="2018-12-17T06:16:56Z" name="validateLogin" finished-at="2018-12-17T06:16:59Z" duration-ms="2752" status="PASS">
          <reporter-output>
          </reporter-output>
        </test-method> <!-- validateLogin -->
        <test-method is-config="true" signature="closeApplication()[pri:0, instance:com.demoaut.newtours.TestScripts.InvalidCredentialsTest@66d18979]" started-at="2018-12-17T06:16:59Z" name="closeApplication" finished-at="2018-12-17T06:16:59Z" duration-ms="267" status="PASS">
          <reporter-output>
          </reporter-output>
        </test-method> <!-- closeApplication -->
      </class> <!-- com.demoaut.newtours.TestScripts.InvalidCredentialsTest -->
    </test> <!-- Test -->
  </suite> <!-- Suite -->
</testng-results>
